{"C:\\Users\\LOVE SHARMA\\OneDrive\\Desktop\\AstroGuruAI\\frontend\\src\\api\\analytics.ts": {"path":"C:\\Users\\LOVE SHARMA\\OneDrive\\Desktop\\AstroGuruAI\\frontend\\src\\api\\analytics.ts","all":false,"statementMap":{"0":{"start":{"line":1,"column":0},"end":{"line":1,"column":28}},"11":{"start":{"line":12,"column":0},"end":{"line":12,"column":29}},"12":{"start":{"line":13,"column":0},"end":{"line":13,"column":20}},"13":{"start":{"line":14,"column":0},"end":{"line":14,"column":101}},"14":{"start":{"line":15,"column":0},"end":{"line":15,"column":99}},"15":{"start":{"line":16,"column":0},"end":{"line":16,"column":106}},"16":{"start":{"line":17,"column":0},"end":{"line":17,"column":105}},"17":{"start":{"line":18,"column":0},"end":{"line":18,"column":97}},"18":{"start":{"line":19,"column":0},"end":{"line":19,"column":103}},"19":{"start":{"line":20,"column":0},"end":{"line":20,"column":91}},"20":{"start":{"line":21,"column":0},"end":{"line":21,"column":2}}},"s":{"0":1,"11":1,"12":1,"13":1,"14":1,"15":1,"16":1,"17":1,"18":1,"19":1,"20":1},"branchMap":{"0":{"type":"branch","line":13,"loc":{"start":{"line":13,"column":15},"end":{"line":14,"column":101}},"locations":[{"start":{"line":13,"column":15},"end":{"line":14,"column":101}}]},"1":{"type":"branch","line":14,"loc":{"start":{"line":14,"column":72},"end":{"line":14,"column":99}},"locations":[{"start":{"line":14,"column":72},"end":{"line":14,"column":99}}]},"2":{"type":"branch","line":15,"loc":{"start":{"line":15,"column":12},"end":{"line":15,"column":99}},"locations":[{"start":{"line":15,"column":12},"end":{"line":15,"column":99}}]},"3":{"type":"branch","line":15,"loc":{"start":{"line":15,"column":70},"end":{"line":15,"column":97}},"locations":[{"start":{"line":15,"column":70},"end":{"line":15,"column":97}}]},"4":{"type":"branch","line":16,"loc":{"start":{"line":16,"column":14},"end":{"line":16,"column":106}},"locations":[{"start":{"line":16,"column":14},"end":{"line":16,"column":106}}]},"5":{"type":"branch","line":16,"loc":{"start":{"line":16,"column":77},"end":{"line":16,"column":104}},"locations":[{"start":{"line":16,"column":77},"end":{"line":16,"column":104}}]},"6":{"type":"branch","line":17,"loc":{"start":{"line":17,"column":14},"end":{"line":17,"column":105}},"locations":[{"start":{"line":17,"column":14},"end":{"line":17,"column":105}}]},"7":{"type":"branch","line":17,"loc":{"start":{"line":17,"column":76},"end":{"line":17,"column":103}},"locations":[{"start":{"line":17,"column":76},"end":{"line":17,"column":103}}]},"8":{"type":"branch","line":18,"loc":{"start":{"line":18,"column":11},"end":{"line":18,"column":97}},"locations":[{"start":{"line":18,"column":11},"end":{"line":18,"column":97}}]},"9":{"type":"branch","line":18,"loc":{"start":{"line":18,"column":68},"end":{"line":18,"column":95}},"locations":[{"start":{"line":18,"column":68},"end":{"line":18,"column":95}}]},"10":{"type":"branch","line":19,"loc":{"start":{"line":19,"column":13},"end":{"line":19,"column":103}},"locations":[{"start":{"line":19,"column":13},"end":{"line":19,"column":103}}]},"11":{"type":"branch","line":19,"loc":{"start":{"line":19,"column":74},"end":{"line":19,"column":101}},"locations":[{"start":{"line":19,"column":74},"end":{"line":19,"column":101}}]},"12":{"type":"branch","line":20,"loc":{"start":{"line":20,"column":9},"end":{"line":20,"column":91}},"locations":[{"start":{"line":20,"column":9},"end":{"line":20,"column":91}}]},"13":{"type":"branch","line":20,"loc":{"start":{"line":20,"column":62},"end":{"line":20,"column":89}},"locations":[{"start":{"line":20,"column":62},"end":{"line":20,"column":89}}]}},"b":{"0":[1],"1":[1],"2":[1],"3":[1],"4":[1],"5":[1],"6":[1],"7":[1],"8":[1],"9":[1],"10":[1],"11":[1],"12":[1],"13":[1]},"fnMap":{"0":{"name":"getOverview","decl":{"start":{"line":13,"column":15},"end":{"line":14,"column":101}},"loc":{"start":{"line":13,"column":15},"end":{"line":14,"column":101}},"line":13},"1":{"name":"getUsers","decl":{"start":{"line":15,"column":12},"end":{"line":15,"column":99}},"loc":{"start":{"line":15,"column":12},"end":{"line":15,"column":99}},"line":15},"2":{"name":"getRevenue","decl":{"start":{"line":16,"column":14},"end":{"line":16,"column":106}},"loc":{"start":{"line":16,"column":14},"end":{"line":16,"column":106}},"line":16},"3":{"name":"getReports","decl":{"start":{"line":17,"column":14},"end":{"line":17,"column":105}},"loc":{"start":{"line":17,"column":14},"end":{"line":17,"column":105}},"line":17},"4":{"name":"getChat","decl":{"start":{"line":18,"column":11},"end":{"line":18,"column":97}},"loc":{"start":{"line":18,"column":11},"end":{"line":18,"column":97}},"line":18},"5":{"name":"getSystem","decl":{"start":{"line":19,"column":13},"end":{"line":19,"column":103}},"loc":{"start":{"line":19,"column":13},"end":{"line":19,"column":103}},"line":19},"6":{"name":"getAi","decl":{"start":{"line":20,"column":9},"end":{"line":20,"column":91}},"loc":{"start":{"line":20,"column":9},"end":{"line":20,"column":91}},"line":20}},"f":{"0":1,"1":1,"2":1,"3":1,"4":1,"5":1,"6":1}}
,"C:\\Users\\LOVE SHARMA\\OneDrive\\Desktop\\AstroGuruAI\\frontend\\src\\components\\admin\\AnalyticsCard.tsx": {"path":"C:\\Users\\LOVE SHARMA\\OneDrive\\Desktop\\AstroGuruAI\\frontend\\src\\components\\admin\\AnalyticsCard.tsx","all":false,"statementMap":{"2":{"start":{"line":3,"column":0},"end":{"line":3,"column":97}},"11":{"start":{"line":12,"column":0},"end":{"line":12,"column":89}},"12":{"start":{"line":13,"column":0},"end":{"line":13,"column":10}},"13":{"start":{"line":14,"column":0},"end":{"line":14,"column":57}},"14":{"start":{"line":15,"column":0},"end":{"line":15,"column":87}},"15":{"start":{"line":16,"column":0},"end":{"line":16,"column":35}},"16":{"start":{"line":17,"column":0},"end":{"line":17,"column":52}},"17":{"start":{"line":18,"column":0},"end":{"line":18,"column":90}},"18":{"start":{"line":19,"column":0},"end":{"line":19,"column":14}},"19":{"start":{"line":20,"column":0},"end":{"line":20,"column":15}},"20":{"start":{"line":21,"column":0},"end":{"line":21,"column":19}},"21":{"start":{"line":22,"column":0},"end":{"line":22,"column":22}},"22":{"start":{"line":23,"column":0},"end":{"line":23,"column":21}},"23":{"start":{"line":24,"column":0},"end":{"line":24,"column":72}},"24":{"start":{"line":25,"column":0},"end":{"line":25,"column":22}},"25":{"start":{"line":26,"column":0},"end":{"line":26,"column":15}},"26":{"start":{"line":27,"column":0},"end":{"line":27,"column":11}},"28":{"start":{"line":29,"column":0},"end":{"line":29,"column":1}}},"s":{"2":1,"11":1,"12":25,"13":25,"14":25,"15":25,"16":25,"17":25,"18":25,"19":25,"20":25,"21":25,"22":25,"23":25,"24":25,"25":0,"26":25,"28":25},"branchMap":{"0":{"type":"branch","line":12,"loc":{"start":{"line":12,"column":7},"end":{"line":29,"column":1}},"locations":[{"start":{"line":12,"column":7},"end":{"line":29,"column":1}}]},"1":{"type":"branch","line":25,"loc":{"start":{"line":25,"column":8},"end":{"line":26,"column":15}},"locations":[{"start":{"line":25,"column":8},"end":{"line":26,"column":15}}]}},"b":{"0":[25],"1":[0]},"fnMap":{"0":{"name":"AnalyticsCard","decl":{"start":{"line":12,"column":7},"end":{"line":29,"column":1}},"loc":{"start":{"line":12,"column":7},"end":{"line":29,"column":1}},"line":12}},"f":{"0":25}}
,"C:\\Users\\LOVE SHARMA\\OneDrive\\Desktop\\AstroGuruAI\\frontend\\src\\components\\admin\\AnalyticsGrid.tsx": {"path":"C:\\Users\\LOVE SHARMA\\OneDrive\\Desktop\\AstroGuruAI\\frontend\\src\\components\\admin\\AnalyticsGrid.tsx","all":false,"statementMap":{"2":{"start":{"line":3,"column":0},"end":{"line":3,"column":33}},"10":{"start":{"line":11,"column":0},"end":{"line":11,"column":83}},"11":{"start":{"line":12,"column":0},"end":{"line":12,"column":22}},"12":{"start":{"line":13,"column":0},"end":{"line":13,"column":37}},"13":{"start":{"line":14,"column":0},"end":{"line":14,"column":37}},"14":{"start":{"line":15,"column":0},"end":{"line":15,"column":2}},"16":{"start":{"line":17,"column":0},"end":{"line":17,"column":89}},"17":{"start":{"line":18,"column":0},"end":{"line":18,"column":95}},"18":{"start":{"line":19,"column":0},"end":{"line":19,"column":1}}},"s":{"2":1,"10":1,"11":1,"12":1,"13":1,"14":1,"16":1,"17":13,"18":13},"branchMap":{"0":{"type":"branch","line":17,"loc":{"start":{"line":17,"column":7},"end":{"line":19,"column":1}},"locations":[{"start":{"line":17,"column":7},"end":{"line":19,"column":1}}]}},"b":{"0":[13]},"fnMap":{"0":{"name":"AnalyticsGrid","decl":{"start":{"line":17,"column":7},"end":{"line":19,"column":1}},"loc":{"start":{"line":17,"column":7},"end":{"line":19,"column":1}},"line":17}},"f":{"0":13}}
,"C:\\Users\\LOVE SHARMA\\OneDrive\\Desktop\\AstroGuruAI\\frontend\\src\\components\\admin\\AnalyticsSection.tsx": {"path":"C:\\Users\\LOVE SHARMA\\OneDrive\\Desktop\\AstroGuruAI\\frontend\\src\\components\\admin\\AnalyticsSection.tsx","all":false,"statementMap":{"2":{"start":{"line":3,"column":0},"end":{"line":3,"column":97}},"12":{"start":{"line":13,"column":0},"end":{"line":13,"column":34}},"13":{"start":{"line":14,"column":0},"end":{"line":14,"column":8}},"14":{"start":{"line":15,"column":0},"end":{"line":15,"column":14}},"15":{"start":{"line":16,"column":0},"end":{"line":16,"column":11}},"16":{"start":{"line":17,"column":0},"end":{"line":17,"column":16}},"17":{"start":{"line":18,"column":0},"end":{"line":18,"column":51}},"18":{"start":{"line":19,"column":0},"end":{"line":19,"column":27}},"19":{"start":{"line":20,"column":0},"end":{"line":20,"column":10}},"20":{"start":{"line":21,"column":0},"end":{"line":21,"column":57}},"21":{"start":{"line":22,"column":0},"end":{"line":22,"column":18}},"22":{"start":{"line":23,"column":0},"end":{"line":23,"column":38}},"23":{"start":{"line":24,"column":0},"end":{"line":24,"column":79}},"24":{"start":{"line":25,"column":0},"end":{"line":25,"column":19}},"25":{"start":{"line":26,"column":0},"end":{"line":26,"column":19}},"26":{"start":{"line":27,"column":0},"end":{"line":27,"column":92}},"27":{"start":{"line":28,"column":0},"end":{"line":28,"column":20}},"28":{"start":{"line":29,"column":0},"end":{"line":29,"column":11}},"30":{"start":{"line":31,"column":0},"end":{"line":31,"column":1}}},"s":{"2":1,"12":1,"13":19,"14":19,"15":19,"16":19,"17":19,"18":19,"19":19,"20":19,"21":19,"22":19,"23":19,"24":19,"25":19,"26":19,"27":19,"28":19,"30":19},"branchMap":{"0":{"type":"branch","line":13,"loc":{"start":{"line":13,"column":7},"end":{"line":31,"column":1}},"locations":[{"start":{"line":13,"column":7},"end":{"line":31,"column":1}}]},"1":{"type":"branch","line":24,"loc":{"start":{"line":24,"column":53},"end":{"line":24,"column":79}},"locations":[{"start":{"line":24,"column":53},"end":{"line":24,"column":79}}]},"2":{"type":"branch","line":27,"loc":{"start":{"line":27,"column":9},"end":{"line":27,"column":83}},"locations":[{"start":{"line":27,"column":9},"end":{"line":27,"column":83}}]},"3":{"type":"branch","line":27,"loc":{"start":{"line":27,"column":76},"end":{"line":27,"column":92}},"locations":[{"start":{"line":27,"column":76},"end":{"line":27,"column":92}}]}},"b":{"0":[19],"1":[0],"2":[1],"3":[18]},"fnMap":{"0":{"name":"AnalyticsSection","decl":{"start":{"line":13,"column":7},"end":{"line":31,"column":1}},"loc":{"start":{"line":13,"column":7},"end":{"line":31,"column":1}},"line":13}},"f":{"0":19}}
,"C:\\Users\\LOVE SHARMA\\OneDrive\\Desktop\\AstroGuruAI\\frontend\\src\\components\\admin\\ErrorAnalytics.tsx": {"path":"C:\\Users\\LOVE SHARMA\\OneDrive\\Desktop\\AstroGuruAI\\frontend\\src\\components\\admin\\ErrorAnalytics.tsx","all":false,"statementMap":{"0":{"start":{"line":1,"column":0},"end":{"line":1,"column":26}},"1":{"start":{"line":2,"column":0},"end":{"line":2,"column":54}},"3":{"start":{"line":4,"column":0},"end":{"line":4,"column":48}},"4":{"start":{"line":5,"column":0},"end":{"line":5,"column":97}},"5":{"start":{"line":6,"column":0},"end":{"line":6,"column":44}},"13":{"start":{"line":14,"column":0},"end":{"line":14,"column":78}},"14":{"start":{"line":15,"column":0},"end":{"line":15,"column":34}},"15":{"start":{"line":16,"column":0},"end":{"line":16,"column":26}},"16":{"start":{"line":17,"column":0},"end":{"line":17,"column":14}},"17":{"start":{"line":18,"column":0},"end":{"line":18,"column":33}},"18":{"start":{"line":19,"column":0},"end":{"line":19,"column":95}},"19":{"start":{"line":20,"column":0},"end":{"line":20,"column":23}},"20":{"start":{"line":21,"column":0},"end":{"line":21,"column":8}},"21":{"start":{"line":22,"column":0},"end":{"line":22,"column":5}},"22":{"start":{"line":23,"column":0},"end":{"line":23,"column":40}},"23":{"start":{"line":24,"column":0},"end":{"line":24,"column":14}},"24":{"start":{"line":25,"column":0},"end":{"line":25,"column":30}},"25":{"start":{"line":26,"column":0},"end":{"line":26,"column":84}},"26":{"start":{"line":27,"column":0},"end":{"line":27,"column":24}},"27":{"start":{"line":28,"column":0},"end":{"line":28,"column":8}},"28":{"start":{"line":29,"column":0},"end":{"line":29,"column":5}},"29":{"start":{"line":30,"column":0},"end":{"line":30,"column":40}},"30":{"start":{"line":31,"column":0},"end":{"line":31,"column":14}},"31":{"start":{"line":32,"column":0},"end":{"line":32,"column":31}},"32":{"start":{"line":33,"column":0},"end":{"line":33,"column":71}},"33":{"start":{"line":34,"column":0},"end":{"line":34,"column":24}},"34":{"start":{"line":35,"column":0},"end":{"line":35,"column":8}},"35":{"start":{"line":36,"column":0},"end":{"line":36,"column":5}},"36":{"start":{"line":37,"column":0},"end":{"line":37,"column":39}},"37":{"start":{"line":38,"column":0},"end":{"line":38,"column":14}},"38":{"start":{"line":39,"column":0},"end":{"line":39,"column":30}},"39":{"start":{"line":40,"column":0},"end":{"line":40,"column":95}},"40":{"start":{"line":41,"column":0},"end":{"line":41,"column":23}},"41":{"start":{"line":42,"column":0},"end":{"line":42,"column":8}},"42":{"start":{"line":43,"column":0},"end":{"line":43,"column":5}},"43":{"start":{"line":44,"column":0},"end":{"line":44,"column":3}},"45":{"start":{"line":46,"column":0},"end":{"line":46,"column":10}},"46":{"start":{"line":47,"column":0},"end":{"line":47,"column":38}},"47":{"start":{"line":48,"column":0},"end":{"line":48,"column":36}},"48":{"start":{"line":49,"column":0},"end":{"line":49,"column":19}},"49":{"start":{"line":50,"column":0},"end":{"line":50,"column":4}},"50":{"start":{"line":51,"column":0},"end":{"line":51,"column":1}},"57":{"start":{"line":58,"column":0},"end":{"line":58,"column":73}},"58":{"start":{"line":59,"column":0},"end":{"line":59,"column":47}},"60":{"start":{"line":61,"column":0},"end":{"line":61,"column":10}},"61":{"start":{"line":62,"column":0},"end":{"line":62,"column":52}},"62":{"start":{"line":63,"column":0},"end":{"line":63,"column":18}},"63":{"start":{"line":64,"column":0},"end":{"line":64,"column":72}},"64":{"start":{"line":65,"column":0},"end":{"line":65,"column":45}},"65":{"start":{"line":66,"column":0},"end":{"line":66,"column":25}},"66":{"start":{"line":67,"column":0},"end":{"line":67,"column":20}},"67":{"start":{"line":68,"column":0},"end":{"line":68,"column":60}},"68":{"start":{"line":69,"column":0},"end":{"line":69,"column":19}},"69":{"start":{"line":70,"column":0},"end":{"line":70,"column":38}},"70":{"start":{"line":71,"column":0},"end":{"line":71,"column":21}},"71":{"start":{"line":72,"column":0},"end":{"line":72,"column":54}},"72":{"start":{"line":73,"column":0},"end":{"line":73,"column":45}},"74":{"start":{"line":75,"column":0},"end":{"line":75,"column":19}},"75":{"start":{"line":76,"column":0},"end":{"line":76,"column":22}},"76":{"start":{"line":77,"column":0},"end":{"line":77,"column":15}},"77":{"start":{"line":78,"column":0},"end":{"line":78,"column":11}},"79":{"start":{"line":80,"column":0},"end":{"line":80,"column":1}}},"s":{"0":1,"1":1,"3":1,"4":1,"5":1,"13":1,"14":9,"15":7,"16":1,"17":1,"18":1,"19":1,"20":1,"21":1,"22":7,"23":2,"24":2,"25":2,"26":2,"27":2,"28":2,"29":7,"30":2,"31":2,"32":2,"33":2,"34":2,"35":2,"36":2,"37":2,"38":2,"39":2,"40":2,"41":2,"42":2,"43":7,"45":2,"46":2,"47":2,"48":2,"49":2,"50":2,"57":1,"58":4,"60":4,"61":4,"62":4,"63":4,"64":4,"65":4,"66":4,"67":4,"68":4,"69":4,"70":2,"71":2,"72":2,"74":2,"75":2,"76":2,"77":4,"79":4},"branchMap":{"0":{"type":"branch","line":14,"loc":{"start":{"line":14,"column":7},"end":{"line":51,"column":1}},"locations":[{"start":{"line":14,"column":7},"end":{"line":51,"column":1}}]},"1":{"type":"branch","line":15,"loc":{"start":{"line":15,"column":33},"end":{"line":44,"column":3}},"locations":[{"start":{"line":15,"column":33},"end":{"line":44,"column":3}}]},"2":{"type":"branch","line":16,"loc":{"start":{"line":16,"column":25},"end":{"line":22,"column":5}},"locations":[{"start":{"line":16,"column":25},"end":{"line":22,"column":5}}]},"3":{"type":"branch","line":22,"loc":{"start":{"line":22,"column":4},"end":{"line":23,"column":39}},"locations":[{"start":{"line":22,"column":4},"end":{"line":23,"column":39}}]},"4":{"type":"branch","line":23,"loc":{"start":{"line":23,"column":39},"end":{"line":29,"column":5}},"locations":[{"start":{"line":23,"column":39},"end":{"line":29,"column":5}}]},"5":{"type":"branch","line":29,"loc":{"start":{"line":29,"column":4},"end":{"line":30,"column":39}},"locations":[{"start":{"line":29,"column":4},"end":{"line":30,"column":39}}]},"6":{"type":"branch","line":30,"loc":{"start":{"line":30,"column":39},"end":{"line":43,"column":5}},"locations":[{"start":{"line":30,"column":39},"end":{"line":43,"column":5}}]},"7":{"type":"branch","line":40,"loc":{"start":{"line":40,"column":38},"end":{"line":40,"column":95}},"locations":[{"start":{"line":40,"column":38},"end":{"line":40,"column":95}}]},"8":{"type":"branch","line":44,"loc":{"start":{"line":44,"column":2},"end":{"line":51,"column":1}},"locations":[{"start":{"line":44,"column":2},"end":{"line":51,"column":1}}]},"9":{"type":"branch","line":58,"loc":{"start":{"line":58,"column":7},"end":{"line":80,"column":1}},"locations":[{"start":{"line":58,"column":7},"end":{"line":80,"column":1}}]},"10":{"type":"branch","line":70,"loc":{"start":{"line":70,"column":15},"end":{"line":70,"column":38}},"locations":[{"start":{"line":70,"column":15},"end":{"line":70,"column":38}}]},"11":{"type":"branch","line":70,"loc":{"start":{"line":70,"column":27},"end":{"line":76,"column":22}},"locations":[{"start":{"line":70,"column":27},"end":{"line":76,"column":22}}]},"12":{"type":"branch","line":76,"loc":{"start":{"line":76,"column":8},"end":{"line":77,"column":15}},"locations":[{"start":{"line":76,"column":8},"end":{"line":77,"column":15}}]}},"b":{"0":[9],"1":[7],"2":[1],"3":[6],"4":[2],"5":[4],"6":[2],"7":[0],"8":[2],"9":[4],"10":[2],"11":[2],"12":[2]},"fnMap":{"0":{"name":"resolveAnalyticsError","decl":{"start":{"line":14,"column":7},"end":{"line":51,"column":1}},"loc":{"start":{"line":14,"column":7},"end":{"line":51,"column":1}},"line":14},"1":{"name":"ErrorAnalytics","decl":{"start":{"line":58,"column":7},"end":{"line":80,"column":1}},"loc":{"start":{"line":58,"column":7},"end":{"line":80,"column":1}},"line":58}},"f":{"0":9,"1":4}}
,"C:\\Users\\LOVE SHARMA\\OneDrive\\Desktop\\AstroGuruAI\\frontend\\src\\components\\admin\\LoadingAnalytics.tsx": {"path":"C:\\Users\\LOVE SHARMA\\OneDrive\\Desktop\\AstroGuruAI\\frontend\\src\\components\\admin\\LoadingAnalytics.tsx","all":false,"statementMap":{"0":{"start":{"line":1,"column":0},"end":{"line":1,"column":65}},"1":{"start":{"line":2,"column":0},"end":{"line":2,"column":52}},"8":{"start":{"line":9,"column":0},"end":{"line":9,"column":90}},"9":{"start":{"line":10,"column":0},"end":{"line":10,"column":10}},"10":{"start":{"line":11,"column":0},"end":{"line":11,"column":98}},"11":{"start":{"line":12,"column":0},"end":{"line":12,"column":33}},"12":{"start":{"line":13,"column":0},"end":{"line":13,"column":62}},"13":{"start":{"line":14,"column":0},"end":{"line":14,"column":105}},"14":{"start":{"line":15,"column":0},"end":{"line":15,"column":50}},"15":{"start":{"line":16,"column":0},"end":{"line":16,"column":45}},"16":{"start":{"line":17,"column":0},"end":{"line":17,"column":52}},"17":{"start":{"line":18,"column":0},"end":{"line":18,"column":16}},"18":{"start":{"line":19,"column":0},"end":{"line":19,"column":11}},"19":{"start":{"line":20,"column":0},"end":{"line":20,"column":22}},"20":{"start":{"line":21,"column":0},"end":{"line":21,"column":49}},"21":{"start":{"line":22,"column":0},"end":{"line":22,"column":61}},"22":{"start":{"line":23,"column":0},"end":{"line":23,"column":108}},"23":{"start":{"line":24,"column":0},"end":{"line":24,"column":50}},"24":{"start":{"line":25,"column":0},"end":{"line":25,"column":50}},"25":{"start":{"line":26,"column":0},"end":{"line":26,"column":52}},"26":{"start":{"line":27,"column":0},"end":{"line":27,"column":52}},"27":{"start":{"line":28,"column":0},"end":{"line":28,"column":46}},"28":{"start":{"line":29,"column":0},"end":{"line":29,"column":16}},"29":{"start":{"line":30,"column":0},"end":{"line":30,"column":11}},"30":{"start":{"line":31,"column":0},"end":{"line":31,"column":12}},"31":{"start":{"line":32,"column":0},"end":{"line":32,"column":10}},"33":{"start":{"line":34,"column":0},"end":{"line":34,"column":1}}},"s":{"0":1,"1":1,"8":1,"9":6,"10":6,"11":6,"12":6,"13":42,"14":42,"15":42,"16":42,"17":42,"18":6,"19":6,"20":6,"21":6,"22":31,"23":31,"24":31,"25":31,"26":31,"27":31,"28":31,"29":6,"30":6,"31":6,"33":6},"branchMap":{"0":{"type":"branch","line":9,"loc":{"start":{"line":9,"column":7},"end":{"line":34,"column":1}},"locations":[{"start":{"line":9,"column":7},"end":{"line":34,"column":1}}]},"1":{"type":"branch","line":13,"loc":{"start":{"line":13,"column":47},"end":{"line":18,"column":16}},"locations":[{"start":{"line":13,"column":47},"end":{"line":18,"column":16}}]},"2":{"type":"branch","line":22,"loc":{"start":{"line":22,"column":46},"end":{"line":29,"column":16}},"locations":[{"start":{"line":22,"column":46},"end":{"line":29,"column":16}}]}},"b":{"0":[6],"1":[42],"2":[31]},"fnMap":{"0":{"name":"LoadingAnalytics","decl":{"start":{"line":9,"column":7},"end":{"line":34,"column":1}},"loc":{"start":{"line":9,"column":7},"end":{"line":34,"column":1}},"line":9}},"f":{"0":6}}
,"C:\\Users\\LOVE SHARMA\\OneDrive\\Desktop\\AstroGuruAI\\frontend\\src\\components\\admin\\StatBadge.tsx": {"path":"C:\\Users\\LOVE SHARMA\\OneDrive\\Desktop\\AstroGuruAI\\frontend\\src\\components\\admin\\StatBadge.tsx","all":false,"statementMap":{"0":{"start":{"line":1,"column":0},"end":{"line":1,"column":46}},"1":{"start":{"line":2,"column":0},"end":{"line":2,"column":33}},"5":{"start":{"line":6,"column":0},"end":{"line":6,"column":52}},"6":{"start":{"line":7,"column":0},"end":{"line":7,"column":58}},"7":{"start":{"line":8,"column":0},"end":{"line":8,"column":92}},"8":{"start":{"line":9,"column":0},"end":{"line":9,"column":84}},"9":{"start":{"line":10,"column":0},"end":{"line":10,"column":69}},"10":{"start":{"line":11,"column":0},"end":{"line":11,"column":2}},"17":{"start":{"line":18,"column":0},"end":{"line":18,"column":72}},"18":{"start":{"line":19,"column":0},"end":{"line":19,"column":66}},"19":{"start":{"line":20,"column":0},"end":{"line":20,"column":1}}},"s":{"0":1,"1":1,"5":1,"6":1,"7":1,"8":1,"9":1,"10":1,"17":1,"18":5,"19":5},"branchMap":{"0":{"type":"branch","line":18,"loc":{"start":{"line":18,"column":7},"end":{"line":20,"column":1}},"locations":[{"start":{"line":18,"column":7},"end":{"line":20,"column":1}}]}},"b":{"0":[5]},"fnMap":{"0":{"name":"StatBadge","decl":{"start":{"line":18,"column":7},"end":{"line":20,"column":1}},"loc":{"start":{"line":18,"column":7},"end":{"line":20,"column":1}},"line":18}},"f":{"0":5}}
,"C:\\Users\\LOVE SHARMA\\OneDrive\\Desktop\\AstroGuruAI\\frontend\\src\\hooks\\useAnalytics.ts": {"path":"C:\\Users\\LOVE SHARMA\\OneDrive\\Desktop\\AstroGuruAI\\frontend\\src\\hooks\\useAnalytics.ts","all":false,"statementMap":{"0":{"start":{"line":1,"column":0},"end":{"line":1,"column":51}},"2":{"start":{"line":3,"column":0},"end":{"line":3,"column":47}},"4":{"start":{"line":5,"column":0},"end":{"line":5,"column":35}},"5":{"start":{"line":6,"column":0},"end":{"line":6,"column":56}},"6":{"start":{"line":7,"column":0},"end":{"line":7,"column":50}},"7":{"start":{"line":8,"column":0},"end":{"line":8,"column":54}},"8":{"start":{"line":9,"column":0},"end":{"line":9,"column":54}},"9":{"start":{"line":10,"column":0},"end":{"line":10,"column":48}},"10":{"start":{"line":11,"column":0},"end":{"line":11,"column":52}},"11":{"start":{"line":12,"column":0},"end":{"line":12,"column":44}},"12":{"start":{"line":13,"column":0},"end":{"line":13,"column":2}},"14":{"start":{"line":15,"column":0},"end":{"line":15,"column":26}},"15":{"start":{"line":16,"column":0},"end":{"line":16,"column":79}},"16":{"start":{"line":17,"column":0},"end":{"line":17,"column":73}},"17":{"start":{"line":18,"column":0},"end":{"line":18,"column":77}},"18":{"start":{"line":19,"column":0},"end":{"line":19,"column":77}},"19":{"start":{"line":20,"column":0},"end":{"line":20,"column":71}},"20":{"start":{"line":21,"column":0},"end":{"line":21,"column":75}},"21":{"start":{"line":22,"column":0},"end":{"line":22,"column":67}},"22":{"start":{"line":23,"column":0},"end":{"line":23,"column":11}},"24":{"start":{"line":25,"column":0},"end":{"line":25,"column":32}},"25":{"start":{"line":26,"column":0},"end":{"line":26,"column":60}},"27":{"start":{"line":28,"column":0},"end":{"line":28,"column":72}},"29":{"start":{"line":30,"column":0},"end":{"line":30,"column":63}},"30":{"start":{"line":31,"column":0},"end":{"line":31,"column":65}},"31":{"start":{"line":32,"column":0},"end":{"line":32,"column":75}},"33":{"start":{"line":34,"column":0},"end":{"line":34,"column":34}},"34":{"start":{"line":35,"column":0},"end":{"line":35,"column":65}},"35":{"start":{"line":36,"column":0},"end":{"line":36,"column":4}},"37":{"start":{"line":38,"column":0},"end":{"line":38,"column":10}},"38":{"start":{"line":39,"column":0},"end":{"line":39,"column":13}},"39":{"start":{"line":40,"column":0},"end":{"line":40,"column":10}},"40":{"start":{"line":41,"column":0},"end":{"line":41,"column":12}},"41":{"start":{"line":42,"column":0},"end":{"line":42,"column":12}},"42":{"start":{"line":43,"column":0},"end":{"line":43,"column":9}},"43":{"start":{"line":44,"column":0},"end":{"line":44,"column":11}},"44":{"start":{"line":45,"column":0},"end":{"line":45,"column":7}},"45":{"start":{"line":46,"column":0},"end":{"line":46,"column":14}},"46":{"start":{"line":47,"column":0},"end":{"line":47,"column":15}},"47":{"start":{"line":48,"column":0},"end":{"line":48,"column":15}},"48":{"start":{"line":49,"column":0},"end":{"line":49,"column":15}},"49":{"start":{"line":50,"column":0},"end":{"line":50,"column":4}},"50":{"start":{"line":51,"column":0},"end":{"line":51,"column":1}}},"s":{"0":1,"2":1,"4":1,"5":1,"6":1,"7":1,"8":1,"9":1,"10":1,"11":1,"12":1,"14":1,"15":1,"16":1,"17":1,"18":1,"19":1,"20":1,"21":1,"22":1,"24":1,"25":12,"27":12,"29":12,"30":12,"31":12,"33":12,"34":1,"35":1,"37":12,"38":12,"39":12,"40":12,"41":12,"42":12,"43":12,"44":12,"45":12,"46":12,"47":12,"48":12,"49":12,"50":12},"branchMap":{"0":{"type":"branch","line":25,"loc":{"start":{"line":25,"column":7},"end":{"line":51,"column":1}},"locations":[{"start":{"line":25,"column":7},"end":{"line":51,"column":1}}]},"1":{"type":"branch","line":32,"loc":{"start":{"line":32,"column":58},"end":{"line":32,"column":70}},"locations":[{"start":{"line":32,"column":58},"end":{"line":32,"column":70}}]},"2":{"type":"branch","line":32,"loc":{"start":{"line":32,"column":61},"end":{"line":32,"column":75}},"locations":[{"start":{"line":32,"column":61},"end":{"line":32,"column":75}}]},"3":{"type":"branch","line":30,"loc":{"start":{"line":30,"column":33},"end":{"line":30,"column":61}},"locations":[{"start":{"line":30,"column":33},"end":{"line":30,"column":61}}]},"4":{"type":"branch","line":31,"loc":{"start":{"line":31,"column":34},"end":{"line":31,"column":63}},"locations":[{"start":{"line":31,"column":34},"end":{"line":31,"column":63}}]},"5":{"type":"branch","line":32,"loc":{"start":{"line":32,"column":34},"end":{"line":32,"column":58}},"locations":[{"start":{"line":32,"column":34},"end":{"line":32,"column":58}}]},"6":{"type":"branch","line":34,"loc":{"start":{"line":34,"column":21},"end":{"line":36,"column":4}},"locations":[{"start":{"line":34,"column":21},"end":{"line":36,"column":4}}]},"7":{"type":"branch","line":35,"loc":{"start":{"line":35,"column":34},"end":{"line":35,"column":62}},"locations":[{"start":{"line":35,"column":34},"end":{"line":35,"column":62}}]}},"b":{"0":[12],"1":[2],"2":[10],"3":[48],"4":[48],"5":[72],"6":[1],"7":[7]},"fnMap":{"0":{"name":"useAnalytics","decl":{"start":{"line":25,"column":7},"end":{"line":51,"column":1}},"loc":{"start":{"line":25,"column":7},"end":{"line":51,"column":1}},"line":25},"1":{"name":"refetchAll","decl":{"start":{"line":34,"column":21},"end":{"line":36,"column":4}},"loc":{"start":{"line":34,"column":21},"end":{"line":36,"column":4}},"line":34}},"f":{"0":12,"1":1}}
,"C:\\Users\\LOVE SHARMA\\OneDrive\\Desktop\\AstroGuruAI\\frontend\\src\\lib\\analytics-format.ts": {"path":"C:\\Users\\LOVE SHARMA\\OneDrive\\Desktop\\AstroGuruAI\\frontend\\src\\lib\\analytics-format.ts","all":false,"statementMap":{"0":{"start":{"line":1,"column":0},"end":{"line":1,"column":52}},"1":{"start":{"line":2,"column":0},"end":{"line":2,"column":53}},"2":{"start":{"line":3,"column":0},"end":{"line":3,"column":1}},"4":{"start":{"line":5,"column":0},"end":{"line":5,"column":53}},"5":{"start":{"line":6,"column":0},"end":{"line":6,"column":39}},"6":{"start":{"line":7,"column":0},"end":{"line":7,"column":1}},"8":{"start":{"line":9,"column":0},"end":{"line":9,"column":53}},"9":{"start":{"line":10,"column":0},"end":{"line":10,"column":39}},"10":{"start":{"line":11,"column":0},"end":{"line":11,"column":1}},"12":{"start":{"line":13,"column":0},"end":{"line":13,"column":66}},"13":{"start":{"line":14,"column":0},"end":{"line":14,"column":31}},"14":{"start":{"line":15,"column":0},"end":{"line":15,"column":1}},"16":{"start":{"line":17,"column":0},"end":{"line":17,"column":46}},"20":{"start":{"line":21,"column":0},"end":{"line":21,"column":63}},"21":{"start":{"line":22,"column":0},"end":{"line":22,"column":106}},"22":{"start":{"line":23,"column":0},"end":{"line":23,"column":71}},"23":{"start":{"line":24,"column":0},"end":{"line":24,"column":51}},"24":{"start":{"line":25,"column":0},"end":{"line":25,"column":5}},"25":{"start":{"line":26,"column":0},"end":{"line":26,"column":51}},"26":{"start":{"line":27,"column":0},"end":{"line":27,"column":3}},"27":{"start":{"line":28,"column":0},"end":{"line":28,"column":47}},"28":{"start":{"line":29,"column":0},"end":{"line":29,"column":1}},"30":{"start":{"line":31,"column":0},"end":{"line":31,"column":44}},"35":{"start":{"line":36,"column":0},"end":{"line":36,"column":13}},"36":{"start":{"line":37,"column":0},"end":{"line":37,"column":10}},"37":{"start":{"line":38,"column":0},"end":{"line":38,"column":33}},"38":{"start":{"line":39,"column":0},"end":{"line":39,"column":35}},"39":{"start":{"line":40,"column":0},"end":{"line":40,"column":40}},"40":{"start":{"line":41,"column":0},"end":{"line":41,"column":38}},"42":{"start":{"line":43,"column":0},"end":{"line":43,"column":1}}},"s":{"0":1,"1":13,"2":13,"4":1,"5":7,"6":7,"8":1,"9":127,"10":127,"12":1,"13":10,"14":10,"16":1,"20":6,"21":6,"22":2,"23":1,"24":1,"25":1,"26":1,"27":4,"28":4,"30":1,"35":5,"36":5,"37":5,"38":2,"39":2,"40":2,"42":5},"branchMap":{"0":{"type":"branch","line":1,"loc":{"start":{"line":1,"column":7},"end":{"line":3,"column":1}},"locations":[{"start":{"line":1,"column":7},"end":{"line":3,"column":1}}]},"1":{"type":"branch","line":5,"loc":{"start":{"line":5,"column":7},"end":{"line":7,"column":1}},"locations":[{"start":{"line":5,"column":7},"end":{"line":7,"column":1}}]},"2":{"type":"branch","line":9,"loc":{"start":{"line":9,"column":7},"end":{"line":11,"column":1}},"locations":[{"start":{"line":9,"column":7},"end":{"line":11,"column":1}}]},"3":{"type":"branch","line":13,"loc":{"start":{"line":13,"column":7},"end":{"line":15,"column":1}},"locations":[{"start":{"line":13,"column":7},"end":{"line":15,"column":1}}]},"4":{"type":"branch","line":17,"loc":{"start":{"line":17,"column":7},"end":{"line":29,"column":1}},"locations":[{"start":{"line":17,"column":7},"end":{"line":29,"column":1}}]},"5":{"type":"branch","line":22,"loc":{"start":{"line":22,"column":33},"end":{"line":22,"column":69}},"locations":[{"start":{"line":22,"column":33},"end":{"line":22,"column":69}}]},"6":{"type":"branch","line":22,"loc":{"start":{"line":22,"column":64},"end":{"line":22,"column":105}},"locations":[{"start":{"line":22,"column":64},"end":{"line":22,"column":105}}]},"7":{"type":"branch","line":22,"loc":{"start":{"line":22,"column":105},"end":{"line":27,"column":3}},"locations":[{"start":{"line":22,"column":105},"end":{"line":27,"column":3}}]},"8":{"type":"branch","line":23,"loc":{"start":{"line":23,"column":35},"end":{"line":23,"column":70}},"locations":[{"start":{"line":23,"column":35},"end":{"line":23,"column":70}}]},"9":{"type":"branch","line":23,"loc":{"start":{"line":23,"column":70},"end":{"line":27,"column":3}},"locations":[{"start":{"line":23,"column":70},"end":{"line":27,"column":3}}]},"10":{"type":"branch","line":27,"loc":{"start":{"line":27,"column":2},"end":{"line":29,"column":1}},"locations":[{"start":{"line":27,"column":2},"end":{"line":29,"column":1}}]},"11":{"type":"branch","line":31,"loc":{"start":{"line":31,"column":7},"end":{"line":43,"column":1}},"locations":[{"start":{"line":31,"column":7},"end":{"line":43,"column":1}}]},"12":{"type":"branch","line":38,"loc":{"start":{"line":38,"column":29},"end":{"line":39,"column":35}},"locations":[{"start":{"line":38,"column":29},"end":{"line":39,"column":35}}]},"13":{"type":"branch","line":39,"loc":{"start":{"line":39,"column":31},"end":{"line":40,"column":40}},"locations":[{"start":{"line":39,"column":31},"end":{"line":40,"column":40}}]},"14":{"type":"branch","line":40,"loc":{"start":{"line":40,"column":36},"end":{"line":41,"column":38}},"locations":[{"start":{"line":40,"column":36},"end":{"line":41,"column":38}}]}},"b":{"0":[13],"1":[7],"2":[127],"3":[10],"4":[6],"5":[4],"6":[4],"7":[2],"8":[1],"9":[1],"10":[4],"11":[5],"12":[2],"13":[2],"14":[2]},"fnMap":{"0":{"name":"formatPaise","decl":{"start":{"line":1,"column":7},"end":{"line":3,"column":1}},"loc":{"start":{"line":1,"column":7},"end":{"line":3,"column":1}},"line":1},"1":{"name":"formatPercent","decl":{"start":{"line":5,"column":7},"end":{"line":7,"column":1}},"loc":{"start":{"line":5,"column":7},"end":{"line":7,"column":1}},"line":5},"2":{"name":"formatNumber","decl":{"start":{"line":9,"column":7},"end":{"line":11,"column":1}},"loc":{"start":{"line":9,"column":7},"end":{"line":11,"column":1}},"line":9},"3":{"name":"formatDecimal","decl":{"start":{"line":13,"column":7},"end":{"line":15,"column":1}},"loc":{"start":{"line":13,"column":7},"end":{"line":15,"column":1}},"line":13},"4":{"name":"resolveSystemStatus","decl":{"start":{"line":17,"column":7},"end":{"line":29,"column":1}},"loc":{"start":{"line":17,"column":7},"end":{"line":29,"column":1}},"line":17},"5":{"name":"isAnalyticsEmpty","decl":{"start":{"line":31,"column":7},"end":{"line":43,"column":1}},"loc":{"start":{"line":31,"column":7},"end":{"line":43,"column":1}},"line":31}},"f":{"0":13,"1":7,"2":127,"3":10,"4":6,"5":5}}
,"C:\\Users\\LOVE SHARMA\\OneDrive\\Desktop\\AstroGuruAI\\frontend\\src\\pages\\admin\\admin-analytics-page.tsx": {"path":"C:\\Users\\LOVE SHARMA\\OneDrive\\Desktop\\AstroGuruAI\\frontend\\src\\pages\\admin\\admin-analytics-page.tsx","all":false,"statementMap":{"0":{"start":{"line":1,"column":0},"end":{"line":1,"column":65}},"1":{"start":{"line":2,"column":0},"end":{"line":2,"column":65}},"2":{"start":{"line":3,"column":0},"end":{"line":3,"column":71}},"3":{"start":{"line":4,"column":0},"end":{"line":4,"column":67}},"4":{"start":{"line":5,"column":0},"end":{"line":5,"column":71}},"5":{"start":{"line":6,"column":0},"end":{"line":6,"column":57}},"6":{"start":{"line":7,"column":0},"end":{"line":7,"column":97}},"7":{"start":{"line":8,"column":0},"end":{"line":8,"column":52}},"8":{"start":{"line":9,"column":0},"end":{"line":9,"column":8}},"18":{"start":{"line":19,"column":0},"end":{"line":19,"column":112}},"19":{"start":{"line":20,"column":0},"end":{"line":20,"column":27}},"20":{"start":{"line":21,"column":0},"end":{"line":21,"column":16}},"21":{"start":{"line":22,"column":0},"end":{"line":22,"column":3}},"23":{"start":{"line":24,"column":0},"end":{"line":24,"column":10}},"24":{"start":{"line":25,"column":0},"end":{"line":25,"column":30}},"25":{"start":{"line":26,"column":0},"end":{"line":26,"column":28}},"26":{"start":{"line":27,"column":0},"end":{"line":27,"column":128}},"27":{"start":{"line":28,"column":0},"end":{"line":28,"column":101}},"28":{"start":{"line":29,"column":0},"end":{"line":29,"column":77}},"29":{"start":{"line":30,"column":0},"end":{"line":30,"column":13}},"30":{"start":{"line":31,"column":0},"end":{"line":31,"column":9}},"31":{"start":{"line":32,"column":0},"end":{"line":32,"column":9}},"33":{"start":{"line":34,"column":0},"end":{"line":34,"column":1}},"35":{"start":{"line":36,"column":0},"end":{"line":36,"column":86}},"36":{"start":{"line":37,"column":0},"end":{"line":37,"column":27}},"37":{"start":{"line":38,"column":0},"end":{"line":38,"column":16}},"38":{"start":{"line":39,"column":0},"end":{"line":39,"column":3}},"40":{"start":{"line":41,"column":0},"end":{"line":41,"column":10}},"41":{"start":{"line":42,"column":0},"end":{"line":42,"column":30}},"42":{"start":{"line":43,"column":0},"end":{"line":43,"column":28}},"43":{"start":{"line":44,"column":0},"end":{"line":44,"column":127}},"44":{"start":{"line":45,"column":0},"end":{"line":45,"column":79}},"45":{"start":{"line":46,"column":0},"end":{"line":46,"column":79}},"46":{"start":{"line":47,"column":0},"end":{"line":47,"column":13}},"47":{"start":{"line":48,"column":0},"end":{"line":48,"column":9}},"48":{"start":{"line":49,"column":0},"end":{"line":49,"column":9}},"50":{"start":{"line":51,"column":0},"end":{"line":51,"column":1}},"52":{"start":{"line":53,"column":0},"end":{"line":53,"column":72}},"53":{"start":{"line":54,"column":0},"end":{"line":54,"column":10}},"54":{"start":{"line":55,"column":0},"end":{"line":55,"column":108}},"55":{"start":{"line":56,"column":0},"end":{"line":56,"column":60}},"56":{"start":{"line":57,"column":0},"end":{"line":57,"column":50}},"57":{"start":{"line":58,"column":0},"end":{"line":58,"column":10}},"59":{"start":{"line":60,"column":0},"end":{"line":60,"column":1}},"61":{"start":{"line":62,"column":0},"end":{"line":62,"column":38}},"62":{"start":{"line":63,"column":0},"end":{"line":63,"column":116}},"64":{"start":{"line":65,"column":0},"end":{"line":65,"column":18}},"65":{"start":{"line":66,"column":0},"end":{"line":66,"column":12}},"66":{"start":{"line":67,"column":0},"end":{"line":67,"column":33}},"67":{"start":{"line":68,"column":0},"end":{"line":68,"column":22}},"68":{"start":{"line":69,"column":0},"end":{"line":69,"column":28}},"69":{"start":{"line":70,"column":0},"end":{"line":70,"column":12}},"71":{"start":{"line":72,"column":0},"end":{"line":72,"column":3}},"73":{"start":{"line":74,"column":0},"end":{"line":74,"column":19}},"74":{"start":{"line":75,"column":0},"end":{"line":75,"column":12}},"75":{"start":{"line":76,"column":0},"end":{"line":76,"column":33}},"76":{"start":{"line":77,"column":0},"end":{"line":77,"column":22}},"77":{"start":{"line":78,"column":0},"end":{"line":78,"column":79}},"78":{"start":{"line":79,"column":0},"end":{"line":79,"column":12}},"80":{"start":{"line":81,"column":0},"end":{"line":81,"column":3}},"82":{"start":{"line":83,"column":0},"end":{"line":83,"column":114}},"83":{"start":{"line":84,"column":0},"end":{"line":84,"column":12}},"84":{"start":{"line":85,"column":0},"end":{"line":85,"column":33}},"85":{"start":{"line":86,"column":0},"end":{"line":86,"column":22}},"86":{"start":{"line":87,"column":0},"end":{"line":87,"column":112}},"87":{"start":{"line":88,"column":0},"end":{"line":88,"column":12}},"89":{"start":{"line":90,"column":0},"end":{"line":90,"column":3}},"91":{"start":{"line":92,"column":0},"end":{"line":92,"column":56}},"92":{"start":{"line":93,"column":0},"end":{"line":93,"column":48}},"94":{"start":{"line":95,"column":0},"end":{"line":95,"column":10}},"95":{"start":{"line":96,"column":0},"end":{"line":96,"column":31}},"96":{"start":{"line":97,"column":0},"end":{"line":97,"column":61}},"98":{"start":{"line":99,"column":0},"end":{"line":99,"column":16}},"99":{"start":{"line":100,"column":0},"end":{"line":100,"column":40}},"100":{"start":{"line":101,"column":0},"end":{"line":101,"column":22}},"101":{"start":{"line":102,"column":0},"end":{"line":102,"column":60}},"102":{"start":{"line":103,"column":0},"end":{"line":103,"column":29}},"104":{"start":{"line":105,"column":0},"end":{"line":105,"column":30}},"105":{"start":{"line":106,"column":0},"end":{"line":106,"column":23}},"106":{"start":{"line":107,"column":0},"end":{"line":107,"column":25}},"107":{"start":{"line":108,"column":0},"end":{"line":108,"column":15}},"108":{"start":{"line":109,"column":0},"end":{"line":109,"column":15}},"110":{"start":{"line":111,"column":0},"end":{"line":111,"column":33}},"111":{"start":{"line":112,"column":0},"end":{"line":112,"column":164}},"112":{"start":{"line":113,"column":0},"end":{"line":113,"column":170}},"113":{"start":{"line":114,"column":0},"end":{"line":114,"column":180}},"114":{"start":{"line":115,"column":0},"end":{"line":115,"column":191}},"115":{"start":{"line":116,"column":0},"end":{"line":116,"column":22}},"117":{"start":{"line":118,"column":0},"end":{"line":118,"column":33}},"118":{"start":{"line":119,"column":0},"end":{"line":119,"column":180}},"119":{"start":{"line":120,"column":0},"end":{"line":120,"column":181}},"120":{"start":{"line":121,"column":0},"end":{"line":121,"column":180}},"121":{"start":{"line":122,"column":0},"end":{"line":122,"column":22}},"122":{"start":{"line":123,"column":0},"end":{"line":123,"column":31}},"123":{"start":{"line":124,"column":0},"end":{"line":124,"column":36}},"124":{"start":{"line":125,"column":0},"end":{"line":125,"column":86}},"125":{"start":{"line":126,"column":0},"end":{"line":126,"column":83}},"126":{"start":{"line":127,"column":0},"end":{"line":127,"column":10}},"127":{"start":{"line":128,"column":0},"end":{"line":128,"column":22}},"129":{"start":{"line":130,"column":0},"end":{"line":130,"column":49}},"130":{"start":{"line":131,"column":0},"end":{"line":131,"column":25}},"131":{"start":{"line":132,"column":0},"end":{"line":132,"column":25}},"132":{"start":{"line":133,"column":0},"end":{"line":133,"column":76}},"133":{"start":{"line":134,"column":0},"end":{"line":134,"column":89}},"135":{"start":{"line":136,"column":0},"end":{"line":136,"column":37}},"136":{"start":{"line":137,"column":0},"end":{"line":137,"column":104}},"137":{"start":{"line":138,"column":0},"end":{"line":138,"column":101}},"138":{"start":{"line":139,"column":0},"end":{"line":139,"column":113}},"139":{"start":{"line":140,"column":0},"end":{"line":140,"column":100}},"140":{"start":{"line":141,"column":0},"end":{"line":141,"column":16}},"141":{"start":{"line":142,"column":0},"end":{"line":142,"column":42}},"142":{"start":{"line":143,"column":0},"end":{"line":143,"column":17}},"143":{"start":{"line":144,"column":0},"end":{"line":144,"column":73}},"144":{"start":{"line":145,"column":0},"end":{"line":145,"column":75}},"145":{"start":{"line":146,"column":0},"end":{"line":146,"column":18}},"146":{"start":{"line":147,"column":0},"end":{"line":147,"column":17}},"147":{"start":{"line":148,"column":0},"end":{"line":148,"column":79}},"148":{"start":{"line":149,"column":0},"end":{"line":149,"column":74}},"149":{"start":{"line":150,"column":0},"end":{"line":150,"column":18}},"150":{"start":{"line":151,"column":0},"end":{"line":151,"column":16}},"151":{"start":{"line":152,"column":0},"end":{"line":152,"column":27}},"153":{"start":{"line":154,"column":0},"end":{"line":154,"column":25}},"154":{"start":{"line":155,"column":0},"end":{"line":155,"column":23}},"155":{"start":{"line":156,"column":0},"end":{"line":156,"column":68}},"156":{"start":{"line":157,"column":0},"end":{"line":157,"column":46}},"158":{"start":{"line":159,"column":0},"end":{"line":159,"column":37}},"159":{"start":{"line":160,"column":0},"end":{"line":160,"column":110}},"160":{"start":{"line":161,"column":0},"end":{"line":161,"column":96}},"161":{"start":{"line":162,"column":0},"end":{"line":162,"column":100}},"162":{"start":{"line":163,"column":0},"end":{"line":163,"column":117}},"163":{"start":{"line":164,"column":0},"end":{"line":164,"column":16}},"164":{"start":{"line":165,"column":0},"end":{"line":165,"column":42}},"165":{"start":{"line":166,"column":0},"end":{"line":166,"column":17}},"166":{"start":{"line":167,"column":0},"end":{"line":167,"column":71}},"167":{"start":{"line":168,"column":0},"end":{"line":168,"column":64}},"168":{"start":{"line":169,"column":0},"end":{"line":169,"column":18}},"169":{"start":{"line":170,"column":0},"end":{"line":170,"column":17}},"170":{"start":{"line":171,"column":0},"end":{"line":171,"column":79}},"171":{"start":{"line":172,"column":0},"end":{"line":172,"column":72}},"172":{"start":{"line":173,"column":0},"end":{"line":173,"column":18}},"173":{"start":{"line":174,"column":0},"end":{"line":174,"column":16}},"174":{"start":{"line":175,"column":0},"end":{"line":175,"column":27}},"176":{"start":{"line":177,"column":0},"end":{"line":177,"column":25}},"177":{"start":{"line":178,"column":0},"end":{"line":178,"column":25}},"178":{"start":{"line":179,"column":0},"end":{"line":179,"column":66}},"179":{"start":{"line":180,"column":0},"end":{"line":180,"column":50}},"181":{"start":{"line":182,"column":0},"end":{"line":182,"column":37}},"182":{"start":{"line":183,"column":0},"end":{"line":183,"column":100}},"183":{"start":{"line":184,"column":0},"end":{"line":184,"column":115}},"184":{"start":{"line":185,"column":0},"end":{"line":185,"column":121}},"185":{"start":{"line":186,"column":0},"end":{"line":186,"column":16}},"186":{"start":{"line":187,"column":0},"end":{"line":187,"column":42}},"187":{"start":{"line":188,"column":0},"end":{"line":188,"column":17}},"188":{"start":{"line":189,"column":0},"end":{"line":189,"column":76}},"189":{"start":{"line":190,"column":0},"end":{"line":190,"column":71}},"190":{"start":{"line":191,"column":0},"end":{"line":191,"column":18}},"191":{"start":{"line":192,"column":0},"end":{"line":192,"column":17}},"192":{"start":{"line":193,"column":0},"end":{"line":193,"column":71}},"193":{"start":{"line":194,"column":0},"end":{"line":194,"column":66}},"194":{"start":{"line":195,"column":0},"end":{"line":195,"column":18}},"195":{"start":{"line":196,"column":0},"end":{"line":196,"column":16}},"196":{"start":{"line":197,"column":0},"end":{"line":197,"column":27}},"198":{"start":{"line":199,"column":0},"end":{"line":199,"column":25}},"199":{"start":{"line":200,"column":0},"end":{"line":200,"column":22}},"200":{"start":{"line":201,"column":0},"end":{"line":201,"column":67}},"201":{"start":{"line":202,"column":0},"end":{"line":202,"column":47}},"203":{"start":{"line":204,"column":0},"end":{"line":204,"column":37}},"204":{"start":{"line":205,"column":0},"end":{"line":205,"column":99}},"205":{"start":{"line":206,"column":0},"end":{"line":206,"column":95}},"206":{"start":{"line":207,"column":0},"end":{"line":207,"column":103}},"207":{"start":{"line":208,"column":0},"end":{"line":208,"column":119}},"208":{"start":{"line":209,"column":0},"end":{"line":209,"column":116}},"209":{"start":{"line":210,"column":0},"end":{"line":210,"column":16}},"210":{"start":{"line":211,"column":0},"end":{"line":211,"column":42}},"211":{"start":{"line":212,"column":0},"end":{"line":212,"column":17}},"212":{"start":{"line":213,"column":0},"end":{"line":213,"column":73}},"213":{"start":{"line":214,"column":0},"end":{"line":214,"column":65}},"214":{"start":{"line":215,"column":0},"end":{"line":215,"column":18}},"215":{"start":{"line":216,"column":0},"end":{"line":216,"column":17}},"216":{"start":{"line":217,"column":0},"end":{"line":217,"column":74}},"217":{"start":{"line":218,"column":0},"end":{"line":218,"column":66}},"218":{"start":{"line":219,"column":0},"end":{"line":219,"column":18}},"219":{"start":{"line":220,"column":0},"end":{"line":220,"column":16}},"220":{"start":{"line":221,"column":0},"end":{"line":221,"column":27}},"222":{"start":{"line":223,"column":0},"end":{"line":223,"column":25}},"223":{"start":{"line":224,"column":0},"end":{"line":224,"column":20}},"224":{"start":{"line":225,"column":0},"end":{"line":225,"column":67}},"225":{"start":{"line":226,"column":0},"end":{"line":226,"column":49}},"227":{"start":{"line":228,"column":0},"end":{"line":228,"column":37}},"228":{"start":{"line":229,"column":0},"end":{"line":229,"column":109}},"229":{"start":{"line":230,"column":0},"end":{"line":230,"column":101}},"230":{"start":{"line":231,"column":0},"end":{"line":231,"column":111}},"231":{"start":{"line":232,"column":0},"end":{"line":232,"column":89}},"232":{"start":{"line":233,"column":0},"end":{"line":233,"column":113}},"233":{"start":{"line":234,"column":0},"end":{"line":234,"column":16}},"234":{"start":{"line":235,"column":0},"end":{"line":235,"column":42}},"235":{"start":{"line":236,"column":0},"end":{"line":236,"column":17}},"236":{"start":{"line":237,"column":0},"end":{"line":237,"column":78}},"237":{"start":{"line":238,"column":0},"end":{"line":238,"column":68}},"238":{"start":{"line":239,"column":0},"end":{"line":239,"column":18}},"239":{"start":{"line":240,"column":0},"end":{"line":240,"column":17}},"240":{"start":{"line":241,"column":0},"end":{"line":241,"column":83}},"241":{"start":{"line":242,"column":0},"end":{"line":242,"column":73}},"242":{"start":{"line":243,"column":0},"end":{"line":243,"column":18}},"243":{"start":{"line":244,"column":0},"end":{"line":244,"column":16}},"244":{"start":{"line":245,"column":0},"end":{"line":245,"column":27}},"246":{"start":{"line":247,"column":0},"end":{"line":247,"column":25}},"247":{"start":{"line":248,"column":0},"end":{"line":248,"column":24}},"248":{"start":{"line":249,"column":0},"end":{"line":249,"column":54}},"249":{"start":{"line":250,"column":0},"end":{"line":250,"column":130}},"251":{"start":{"line":252,"column":0},"end":{"line":252,"column":37}},"252":{"start":{"line":253,"column":0},"end":{"line":253,"column":95}},"253":{"start":{"line":254,"column":0},"end":{"line":254,"column":97}},"254":{"start":{"line":255,"column":0},"end":{"line":255,"column":113}},"255":{"start":{"line":256,"column":0},"end":{"line":256,"column":97}},"256":{"start":{"line":257,"column":0},"end":{"line":257,"column":100}},"257":{"start":{"line":258,"column":0},"end":{"line":258,"column":16}},"258":{"start":{"line":259,"column":0},"end":{"line":259,"column":27}},"259":{"start":{"line":260,"column":0},"end":{"line":260,"column":12}},"260":{"start":{"line":261,"column":0},"end":{"line":261,"column":10}},"262":{"start":{"line":263,"column":0},"end":{"line":263,"column":1}},"264":{"start":{"line":265,"column":0},"end":{"line":265,"column":64}},"265":{"start":{"line":266,"column":0},"end":{"line":266,"column":10}},"266":{"start":{"line":267,"column":0},"end":{"line":267,"column":9}},"267":{"start":{"line":268,"column":0},"end":{"line":268,"column":65}},"268":{"start":{"line":269,"column":0},"end":{"line":269,"column":43}},"270":{"start":{"line":271,"column":0},"end":{"line":271,"column":89}},"271":{"start":{"line":272,"column":0},"end":{"line":272,"column":10}},"272":{"start":{"line":273,"column":0},"end":{"line":273,"column":10}},"274":{"start":{"line":275,"column":0},"end":{"line":275,"column":1}}},"s":{"0":1,"1":1,"2":1,"3":1,"4":1,"5":1,"6":1,"7":1,"8":1,"18":27,"19":27,"20":0,"21":0,"23":27,"24":27,"25":27,"26":27,"27":27,"28":27,"29":27,"30":27,"31":27,"33":27,"35":3,"36":3,"37":0,"38":0,"40":3,"41":3,"42":3,"43":3,"44":3,"45":3,"46":3,"47":3,"48":3,"50":3,"52":78,"53":78,"54":78,"55":78,"56":78,"57":78,"59":78,"61":1,"62":10,"64":10,"65":5,"66":5,"67":5,"68":5,"69":5,"71":5,"73":10,"74":2,"75":2,"76":2,"77":2,"78":2,"80":2,"82":10,"83":0,"84":0,"85":0,"86":0,"87":0,"89":0,"91":3,"92":3,"94":3,"95":3,"96":3,"98":3,"99":1,"100":1,"101":1,"102":1,"104":1,"105":1,"106":1,"107":1,"108":2,"110":10,"111":10,"112":10,"113":10,"114":10,"115":10,"117":10,"118":10,"119":10,"120":10,"121":10,"122":10,"123":10,"124":10,"125":10,"126":10,"127":10,"129":10,"130":10,"131":10,"132":10,"133":10,"135":10,"136":10,"137":10,"138":10,"139":10,"140":10,"141":10,"142":10,"143":10,"144":10,"145":10,"146":10,"147":10,"148":10,"149":10,"150":10,"151":10,"153":10,"154":10,"155":10,"156":10,"158":10,"159":10,"160":10,"161":10,"162":10,"163":10,"164":10,"165":10,"166":10,"167":10,"168":10,"169":10,"170":10,"171":10,"172":10,"173":10,"174":10,"176":10,"177":10,"178":10,"179":10,"181":10,"182":10,"183":10,"184":10,"185":10,"186":10,"187":10,"188":10,"189":10,"190":10,"191":10,"192":10,"193":10,"194":10,"195":10,"196":10,"198":10,"199":10,"200":10,"201":10,"203":10,"204":10,"205":10,"206":10,"207":10,"208":10,"209":10,"210":10,"211":10,"212":10,"213":10,"214":10,"215":10,"216":10,"217":10,"218":10,"219":10,"220":10,"222":10,"223":10,"224":10,"225":10,"227":10,"228":10,"229":10,"230":10,"231":10,"232":10,"233":10,"234":10,"235":10,"236":10,"237":10,"238":10,"239":10,"240":10,"241":10,"242":10,"243":10,"244":10,"246":10,"247":10,"248":10,"249":10,"251":10,"252":10,"253":10,"254":10,"255":10,"256":10,"257":10,"258":10,"259":10,"260":10,"262":10,"264":10,"265":10,"266":10,"267":10,"268":10,"270":10,"271":10,"272":10,"274":10},"branchMap":{"0":{"type":"branch","line":19,"loc":{"start":{"line":19,"column":0},"end":{"line":34,"column":1}},"locations":[{"start":{"line":19,"column":0},"end":{"line":34,"column":1}}]},"1":{"type":"branch","line":20,"loc":{"start":{"line":20,"column":26},"end":{"line":22,"column":3}},"locations":[{"start":{"line":20,"column":26},"end":{"line":22,"column":3}}]},"2":{"type":"branch","line":26,"loc":{"start":{"line":26,"column":17},"end":{"line":30,"column":13}},"locations":[{"start":{"line":26,"column":17},"end":{"line":30,"column":13}}]},"3":{"type":"branch","line":36,"loc":{"start":{"line":36,"column":0},"end":{"line":51,"column":1}},"locations":[{"start":{"line":36,"column":0},"end":{"line":51,"column":1}}]},"4":{"type":"branch","line":37,"loc":{"start":{"line":37,"column":26},"end":{"line":39,"column":3}},"locations":[{"start":{"line":37,"column":26},"end":{"line":39,"column":3}}]},"5":{"type":"branch","line":43,"loc":{"start":{"line":43,"column":17},"end":{"line":47,"column":13}},"locations":[{"start":{"line":43,"column":17},"end":{"line":47,"column":13}}]},"6":{"type":"branch","line":53,"loc":{"start":{"line":53,"column":0},"end":{"line":60,"column":1}},"locations":[{"start":{"line":53,"column":0},"end":{"line":60,"column":1}}]},"7":{"type":"branch","line":62,"loc":{"start":{"line":62,"column":7},"end":{"line":263,"column":1}},"locations":[{"start":{"line":62,"column":7},"end":{"line":263,"column":1}}]},"8":{"type":"branch","line":65,"loc":{"start":{"line":65,"column":17},"end":{"line":74,"column":18}},"locations":[{"start":{"line":65,"column":17},"end":{"line":74,"column":18}}]},"9":{"type":"branch","line":74,"loc":{"start":{"line":74,"column":18},"end":{"line":81,"column":3}},"locations":[{"start":{"line":74,"column":18},"end":{"line":81,"column":3}}]},"10":{"type":"branch","line":81,"loc":{"start":{"line":81,"column":2},"end":{"line":83,"column":39}},"locations":[{"start":{"line":81,"column":2},"end":{"line":83,"column":39}}]},"11":{"type":"branch","line":83,"loc":{"start":{"line":83,"column":31},"end":{"line":83,"column":56}},"locations":[{"start":{"line":83,"column":31},"end":{"line":83,"column":56}}]},"12":{"type":"branch","line":83,"loc":{"start":{"line":83,"column":48},"end":{"line":83,"column":73}},"locations":[{"start":{"line":83,"column":48},"end":{"line":83,"column":73}}]},"13":{"type":"branch","line":83,"loc":{"start":{"line":83,"column":65},"end":{"line":83,"column":87}},"locations":[{"start":{"line":83,"column":65},"end":{"line":83,"column":87}}]},"14":{"type":"branch","line":83,"loc":{"start":{"line":83,"column":79},"end":{"line":83,"column":103}},"locations":[{"start":{"line":83,"column":79},"end":{"line":83,"column":103}}]},"15":{"type":"branch","line":83,"loc":{"start":{"line":83,"column":95},"end":{"line":83,"column":113}},"locations":[{"start":{"line":83,"column":95},"end":{"line":83,"column":113}}]},"16":{"type":"branch","line":83,"loc":{"start":{"line":83,"column":113},"end":{"line":90,"column":3}},"locations":[{"start":{"line":83,"column":113},"end":{"line":90,"column":3}}]},"17":{"type":"branch","line":90,"loc":{"start":{"line":90,"column":2},"end":{"line":99,"column":16}},"locations":[{"start":{"line":90,"column":2},"end":{"line":99,"column":16}}]},"18":{"type":"branch","line":99,"loc":{"start":{"line":99,"column":7},"end":{"line":108,"column":15}},"locations":[{"start":{"line":99,"column":7},"end":{"line":108,"column":15}}]},"19":{"type":"branch","line":108,"loc":{"start":{"line":108,"column":8},"end":{"line":109,"column":15}},"locations":[{"start":{"line":108,"column":8},"end":{"line":109,"column":15}}]},"20":{"type":"branch","line":134,"loc":{"start":{"line":134,"column":52},"end":{"line":134,"column":89}},"locations":[{"start":{"line":134,"column":52},"end":{"line":134,"column":89}}]},"21":{"type":"branch","line":250,"loc":{"start":{"line":250,"column":49},"end":{"line":250,"column":89}},"locations":[{"start":{"line":250,"column":49},"end":{"line":250,"column":89}}]},"22":{"type":"branch","line":250,"loc":{"start":{"line":250,"column":84},"end":{"line":250,"column":130}},"locations":[{"start":{"line":250,"column":84},"end":{"line":250,"column":130}}]},"23":{"type":"branch","line":78,"loc":{"start":{"line":78,"column":52},"end":{"line":78,"column":77}},"locations":[{"start":{"line":78,"column":52},"end":{"line":78,"column":77}}]},"24":{"type":"branch","line":265,"loc":{"start":{"line":265,"column":0},"end":{"line":275,"column":1}},"locations":[{"start":{"line":265,"column":0},"end":{"line":275,"column":1}}]},"25":{"type":"branch","line":271,"loc":{"start":{"line":271,"column":9},"end":{"line":271,"column":84}},"locations":[{"start":{"line":271,"column":9},"end":{"line":271,"column":84}}]},"26":{"type":"branch","line":271,"loc":{"start":{"line":271,"column":78},"end":{"line":271,"column":89}},"locations":[{"start":{"line":271,"column":78},"end":{"line":271,"column":89}}]}},"b":{"0":[27],"1":[0],"2":[27],"3":[3],"4":[0],"5":[3],"6":[78],"7":[10],"8":[5],"9":[2],"10":[3],"11":[3],"12":[3],"13":[3],"14":[3],"15":[3],"16":[0],"17":[3],"18":[1],"19":[2],"20":[0],"21":[0],"22":[0],"23":[1],"24":[10],"25":[3],"26":[7]},"fnMap":{"0":{"name":"BreakdownList","decl":{"start":{"line":19,"column":0},"end":{"line":34,"column":1}},"loc":{"start":{"line":19,"column":0},"end":{"line":34,"column":1}},"line":19},"1":{"name":"RevenueBreakdownList","decl":{"start":{"line":36,"column":0},"end":{"line":51,"column":1}},"loc":{"start":{"line":36,"column":0},"end":{"line":51,"column":1}},"line":36},"2":{"name":"MetricRow","decl":{"start":{"line":53,"column":0},"end":{"line":60,"column":1}},"loc":{"start":{"line":53,"column":0},"end":{"line":60,"column":1}},"line":53},"3":{"name":"AdminAnalyticsPage","decl":{"start":{"line":62,"column":7},"end":{"line":263,"column":1}},"loc":{"start":{"line":62,"column":7},"end":{"line":263,"column":1}},"line":62},"4":{"name":"onRetry","decl":{"start":{"line":78,"column":52},"end":{"line":78,"column":77}},"loc":{"start":{"line":78,"column":52},"end":{"line":78,"column":77}},"line":78},"5":{"name":"onRetry","decl":{"start":{"line":87,"column":85},"end":{"line":87,"column":110}},"loc":{"start":{"line":87,"column":85},"end":{"line":87,"column":110}},"line":87},"6":{"name":"PageHeader","decl":{"start":{"line":265,"column":0},"end":{"line":275,"column":1}},"loc":{"start":{"line":265,"column":0},"end":{"line":275,"column":1}},"line":265}},"f":{"0":27,"1":3,"2":78,"3":10,"4":1,"5":0,"6":10}}
}
